Flow report for qsys_control
Mon Nov 26 17:46:56 2018
Quartus Prime Version 18.1.0 Build 625 09/12/2018 SJ Lite Edition


---------------------
; Table of Contents ;
---------------------
  1. Legal Notice
  2. Flow Summary
  3. Flow Settings
  4. Flow Non-Default Global Settings
  5. Flow Elapsed Time
  6. Flow OS Summary
  7. Flow Log
  8. Flow Messages
  9. Flow Suppressed Messages



----------------
; Legal Notice ;
----------------
Copyright (C) 2018  Intel Corporation. All rights reserved.
Your use of Intel Corporation's design tools, logic functions 
and other software and tools, and its AMPP partner logic 
functions, and any output files from any of the foregoing 
(including device programming or simulation files), and any 
associated documentation or information are expressly subject 
to the terms and conditions of the Intel Program License 
Subscription Agreement, the Intel Quartus Prime License Agreement,
the Intel FPGA IP License Agreement, or other applicable license
agreement, including, without limitation, that your use is for
the sole purpose of programming logic devices manufactured by
Intel and sold by Intel or its authorized distributors.  Please
refer to the applicable agreement for further details.



+----------------------------------------------------------------------------------+
; Flow Summary                                                                     ;
+------------------------------------+---------------------------------------------+
; Flow Status                        ; Successful - Mon Nov 26 17:46:56 2018       ;
; Quartus Prime Version              ; 18.1.0 Build 625 09/12/2018 SJ Lite Edition ;
; Revision Name                      ; qsys_control                                ;
; Top-level Entity Name              ; qsys_control_top                            ;
; Family                             ; MAX 10                                      ;
; Device                             ; 10M08DAF484C8GES                            ;
; Timing Models                      ; Preliminary                                 ;
; Total logic elements               ; 4,795 / 8,064 ( 59 % )                      ;
;     Total combinational functions  ; 4,243 / 8,064 ( 53 % )                      ;
;     Dedicated logic registers      ; 2,835 / 8,064 ( 35 % )                      ;
; Total registers                    ; 2835                                        ;
; Total pins                         ; 14 / 250 ( 6 % )                            ;
; Total virtual pins                 ; 0                                           ;
; Total memory bits                  ; 80,728 / 387,072 ( 21 % )                   ;
; Embedded Multiplier 9-bit elements ; 6 / 48 ( 13 % )                             ;
; Total PLLs                         ; 1 / 2 ( 50 % )                              ;
; UFM blocks                         ; 1 / 1 ( 100 % )                             ;
; ADC blocks                         ; 0 / 1 ( 0 % )                               ;
+------------------------------------+---------------------------------------------+


+-----------------------------------------+
; Flow Settings                           ;
+-------------------+---------------------+
; Option            ; Setting             ;
+-------------------+---------------------+
; Start date & time ; 11/26/2018 17:39:41 ;
; Main task         ; Compilation         ;
; Revision Name     ; qsys_control        ;
+-------------------+---------------------+


+----------------------------------------------------------------------------------------------------------------------------------------------------------+
; Flow Non-Default Global Settings                                                                                                                         ;
+-------------------------------------+-----------------------------------------------------------------+---------------+---------------------+------------+
; Assignment Name                     ; Value                                                           ; Default Value ; Entity Name         ; Section Id ;
+-------------------------------------+-----------------------------------------------------------------+---------------+---------------------+------------+
; COMPILER_SIGNATURE_ID               ; 10995770589202.154328278028800                                  ; --            ; --                  ; --         ;
; MAX_CORE_JUNCTION_TEMP              ; 85                                                              ; --            ; --                  ; --         ;
; MESSAGE_DISABLE                     ; 332060                                                          ; --            ; altera_onchip_flash ; --         ;
; MIN_CORE_JUNCTION_TEMP              ; 0                                                               ; --            ; --                  ; --         ;
; MISC_FILE                           ; nios2_control/synthesis/../nios2_control.cmp                    ; --            ; --                  ; --         ;
; MISC_FILE                           ; nios2_control/synthesis/../../nios2_control.qsys                ; --            ; --                  ; --         ;
; PARTITION_COLOR                     ; -- (Not supported for targeted family)                          ; --            ; qsys_control_top    ; Top        ;
; PARTITION_FITTER_PRESERVATION_LEVEL ; -- (Not supported for targeted family)                          ; --            ; qsys_control_top    ; Top        ;
; PARTITION_NETLIST_TYPE              ; -- (Not supported for targeted family)                          ; --            ; qsys_control_top    ; Top        ;
; POWER_BOARD_THERMAL_MODEL           ; None (CONSERVATIVE)                                             ; --            ; --                  ; --         ;
; POWER_PRESET_COOLING_SOLUTION       ; 23 MM HEAT SINK WITH 200 LFPM AIRFLOW                           ; --            ; --                  ; --         ;
; PROJECT_OUTPUT_DIRECTORY            ; output_files                                                    ; --            ; --                  ; --         ;
; SLD_FILE                            ; nios2_control/synthesis/nios2_control.regmap                    ; --            ; --                  ; --         ;
; SLD_FILE                            ; nios2_control/synthesis/nios2_control.debuginfo                 ; --            ; --                  ; --         ;
; SLD_INFO                            ; QSYS_NAME nios2_control HAS_SOPCINFO 1 GENERATION_ID 1541368143 ; --            ; nios2_control       ; --         ;
; SOPCINFO_FILE                       ; nios2_control/synthesis/../../nios2_control.sopcinfo            ; --            ; --                  ; --         ;
; SYNTHESIS_ONLY_QIP                  ; On                                                              ; --            ; --                  ; --         ;
; TOP_LEVEL_ENTITY                    ; qsys_control_top                                                ; qsys_control  ; --                  ; --         ;
+-------------------------------------+-----------------------------------------------------------------+---------------+---------------------+------------+


+--------------------------------------------------------------------------------------------------------------------------+
; Flow Elapsed Time                                                                                                        ;
+----------------------+--------------+-------------------------+---------------------+------------------------------------+
; Module Name          ; Elapsed Time ; Average Processors Used ; Peak Virtual Memory ; Total CPU Time (on all processors) ;
+----------------------+--------------+-------------------------+---------------------+------------------------------------+
; Analysis & Synthesis ; 00:02:14     ; 1.0                     ; 5018 MB             ; 00:02:58                           ;
; Fitter               ; 00:01:30     ; 1.4                     ; 5655 MB             ; 00:02:02                           ;
; Assembler            ; 00:00:05     ; 1.0                     ; 4721 MB             ; 00:00:05                           ;
; Total                ; 00:03:49     ; --                      ; --                  ; 00:05:05                           ;
+----------------------+--------------+-------------------------+---------------------+------------------------------------+


+------------------------------------------------------------------------------------+
; Flow OS Summary                                                                    ;
+----------------------+------------------+------------+------------+----------------+
; Module Name          ; Machine Hostname ; OS Name    ; OS Version ; Processor type ;
+----------------------+------------------+------------+------------+----------------+
; Analysis & Synthesis ; DESKTOP-61QIPN4  ; Windows 10 ; 10.0       ; x86_64         ;
; Fitter               ; DESKTOP-61QIPN4  ; Windows 10 ; 10.0       ; x86_64         ;
; Assembler            ; DESKTOP-61QIPN4  ; Windows 10 ; 10.0       ; x86_64         ;
+----------------------+------------------+------------+------------+----------------+


------------
; Flow Log ;
------------
quartus_map --read_settings_files=on --write_settings_files=off qsys_control -c qsys_control
quartus_fit --read_settings_files=off --write_settings_files=off qsys_control -c qsys_control
quartus_asm --read_settings_files=on --write_settings_files=off qsys_control -c qsys_control



